app/build/outputs/logs/manifest-merger-release-report.txt
-- Merging decision tree log ---
manifest
ADDED from src/main/AndroidManifest.xml:2:1-108:12
	package
		ADDED from src/main/AndroidManifest.xml:3:5-44
		INJECTED from src/main/AndroidManifest.xml
		INJECTED from src/main/AndroidManifest.xml
	android:versionName
		ADDED from src/main/AndroidManifest.xml:5:5-30
		INJECTED from src/main/AndroidManifest.xml
		INJECTED from src/main/AndroidManifest.xml
	android:versionCode
		ADDED from src/main/AndroidManifest.xml:4:5-29
		INJECTED from src/main/AndroidManifest.xml
		INJECTED from src/main/AndroidManifest.xml
	xmlns:android
		ADDED from src/main/AndroidManifest.xml:2:11-69
uses-sdk
ADDED from src/main/AndroidManifest.xml:7:5-9:41
MERGED from [com.android.support:appcompat-v7:22.2.1] AndroidManifest.xml:20:5-43
MERGED from [com.google.android.gms:play-services-ads:9.4.0] AndroidManifest.xml:19:5-42
MERGED from [com.google.android.gms:play-services-ads-lite:9.4.0] AndroidManifest.xml:23:5-42
MERGED from [com.google.android.gms:play-services-clearcut:9.4.0] AndroidManifest.xml:18:5-42
MERGED from [com.google.android.gms:play-services-base:9.4.0] AndroidManifest.xml:18:5-42
MERGED from [com.google.android.gms:play-services-tasks:9.4.0] AndroidManifest.xml:4:5-43
MERGED from [com.google.android.gms:play-services-gass:9.4.0] AndroidManifest.xml:18:5-42
MERGED from [com.google.android.gms:play-services-basement:9.4.0] AndroidManifest.xml:18:5-42
MERGED from [com.github.amlcurran.showcaseview:library:5.4.3] AndroidManifest.xml:22:5-24:41
MERGED from [com.android.support:support-v4:23.1.1] AndroidManifest.xml:20:5-43
	android:targetSdkVersion
		ADDED from src/main/AndroidManifest.xml:9:9-38
		INJECTED from src/main/AndroidManifest.xml
		INJECTED from src/main/AndroidManifest.xml
	android:minSdkVersion
		ADDED from src/main/AndroidManifest.xml:8:9-35
		INJECTED from src/main/AndroidManifest.xml
		INJECTED from src/main/AndroidManifest.xml
uses-permission#android.permission.ACCESS_NETWORK_STATE
ADDED from src/main/AndroidManifest.xml:11:4-77
MERGED from [com.google.android.gms:play-services-ads-lite:9.4.0] AndroidManifest.xml:21:5-78
	android:name
		ADDED from src/main/AndroidManifest.xml:11:21-75
uses-permission#android.permission.INTERNET
ADDED from src/main/AndroidManifest.xml:12:4-65
MERGED from [com.google.android.gms:play-services-ads-lite:9.4.0] AndroidManifest.xml:20:5-66
	android:name
		ADDED from src/main/AndroidManifest.xml:12:21-63
uses-permission#android.permission.WRITE_EXTERNAL_STORAGE
ADDED from src/main/AndroidManifest.xml:13:4-79
	android:name
		ADDED from src/main/AndroidManifest.xml:13:21-77
uses-permission#android.permission.READ_EXTERNAL_STORAGE
ADDED from src/main/AndroidManifest.xml:14:4-79
	android:name
		ADDED from src/main/AndroidManifest.xml:14:21-76
uses-permission#com.android.browser.permission.READ_HISTORY_BOOKMARKS
ADDED from src/main/AndroidManifest.xml:15:5-93
	android:name
		ADDED from src/main/AndroidManifest.xml:15:22-90
application
ADDED from src/main/AndroidManifest.xml:17:5-106:19
MERGED from [com.android.support:appcompat-v7:22.2.1] AndroidManifest.xml:22:5-20
MERGED from [com.google.android.gms:play-services-ads-lite:9.4.0] AndroidManifest.xml:24:5-32:19
MERGED from [com.google.android.gms:play-services-clearcut:9.4.0] AndroidManifest.xml:19:5-20
MERGED from [com.google.android.gms:play-services-base:9.4.0] AndroidManifest.xml:19:5-23:19
MERGED from [com.google.android.gms:play-services-tasks:9.4.0] AndroidManifest.xml:5:5-20
MERGED from [com.google.android.gms:play-services-gass:9.4.0] AndroidManifest.xml:19:5-20
MERGED from [com.google.android.gms:play-services-basement:9.4.0] AndroidManifest.xml:20:5-24:19
MERGED from [com.android.support:support-v4:23.1.1] AndroidManifest.xml:22:5-20
	android:label
		ADDED from src/main/AndroidManifest.xml:21:9-38
	android:hardwareAccelerated
		ADDED from src/main/AndroidManifest.xml:19:9-43
	android:allowBackup
		ADDED from src/main/AndroidManifest.xml:18:9-35
	android:icon
		ADDED from src/main/AndroidManifest.xml:20:9-45
meta-data#com.google.android.gms.version
ADDED from src/main/AndroidManifest.xml:24:9-25:71
MERGED from [com.google.android.gms:play-services-basement:9.4.0] AndroidManifest.xml:21:9-23:69
	android:value
		ADDED from src/main/AndroidManifest.xml:25:16-69
	android:name
		ADDED from src/main/AndroidManifest.xml:24:20-65
activity#com.powerpoint45.lucidbrowser.MainActivity
ADDED from src/main/AndroidManifest.xml:26:9-54:20
	android:label
		ADDED from src/main/AndroidManifest.xml:27:13-42
	android:stateNotNeeded
		ADDED from src/main/AndroidManifest.xml:31:13-42
	android:launchMode
		ADDED from src/main/AndroidManifest.xml:30:13-44
	android:configChanges
		ADDED from src/main/AndroidManifest.xml:29:13-74
	android:theme
		ADDED from src/main/AndroidManifest.xml:32:13-44
	android:name
		ADDED from src/main/AndroidManifest.xml:28:13-70
intent-filter#android.intent.action.MAIN+android.intent.category.LAUNCHER
ADDED from src/main/AndroidManifest.xml:33:13-36:29
action#android.intent.action.MAIN
ADDED from src/main/AndroidManifest.xml:34:17-69
	android:name
		ADDED from src/main/AndroidManifest.xml:34:25-66
category#android.intent.category.LAUNCHER
ADDED from src/main/AndroidManifest.xml:35:17-77
	android:name
		ADDED from src/main/AndroidManifest.xml:35:27-74
intent-filter#android.intent.action.WEB_SEARCH+android.intent.category.BROWSABLE+android.intent.category.DEFAULT
ADDED from src/main/AndroidManifest.xml:38:13-45:29
action#android.intent.action.WEB_SEARCH
ADDED from src/main/AndroidManifest.xml:39:17-75
	android:name
		ADDED from src/main/AndroidManifest.xml:39:25-72
category#android.intent.category.DEFAULT
ADDED from src/main/AndroidManifest.xml:40:17-76
	android:name
		ADDED from src/main/AndroidManifest.xml:40:27-73
category#android.intent.category.BROWSABLE
ADDED from src/main/AndroidManifest.xml:41:17-78
	android:name
		ADDED from src/main/AndroidManifest.xml:41:27-75
data
ADDED from src/main/AndroidManifest.xml:42:17-43
	android:scheme
		ADDED from src/main/AndroidManifest.xml:42:23-40
intent-filter#android.intent.action.VIEW+android.intent.category.BROWSABLE+android.intent.category.DEFAULT
ADDED from src/main/AndroidManifest.xml:47:13-53:29
action#android.intent.action.VIEW
ADDED from src/main/AndroidManifest.xml:48:17-69
	android:name
		ADDED from src/main/AndroidManifest.xml:48:25-66
activity#com.powerpoint45.lucidbrowser.BookmarksActivity
ADDED from src/main/AndroidManifest.xml:58:9-67:20
	android:label
		ADDED from src/main/AndroidManifest.xml:59:13-46
	android:configChanges
		ADDED from src/main/AndroidManifest.xml:61:13-74
	android:theme
		ADDED from src/main/AndroidManifest.xml:62:13-52
	android:name
		ADDED from src/main/AndroidManifest.xml:60:13-75
intent-filter#android.intent.category.DEFAULT+com.powerpoint45.lucidbrowser.BookmarksActivity
ADDED from src/main/AndroidManifest.xml:63:13-66:29
action#com.powerpoint45.lucidbrowser.BookmarksActivity
ADDED from src/main/AndroidManifest.xml:64:17-90
	android:name
		ADDED from src/main/AndroidManifest.xml:64:25-87
activity#com.powerpoint45.lucidbrowser.SettingsV2
ADDED from src/main/AndroidManifest.xml:69:9-78:20
	android:label
		ADDED from src/main/AndroidManifest.xml:70:13-50
	android:configChanges
		ADDED from src/main/AndroidManifest.xml:73:13-74
	android:theme
		ADDED from src/main/AndroidManifest.xml:71:13-47
	android:name
		ADDED from src/main/AndroidManifest.xml:72:13-68
intent-filter#android.intent.category.DEFAULT+com.powerpoint45.lucidbrowser.SettingsV2
ADDED from src/main/AndroidManifest.xml:74:13-77:29
action#com.powerpoint45.lucidbrowser.SettingsV2
ADDED from src/main/AndroidManifest.xml:75:17-83
	android:name
		ADDED from src/main/AndroidManifest.xml:75:25-80
activity#com.powerpoint45.lucidbrowser.ImportBookmarksActivity
ADDED from src/main/AndroidManifest.xml:80:9-89:20
	android:label
		ADDED from src/main/AndroidManifest.xml:81:13-62
	android:configChanges
		ADDED from src/main/AndroidManifest.xml:84:13-74
	android:theme
		ADDED from src/main/AndroidManifest.xml:82:13-47
	android:name
		ADDED from src/main/AndroidManifest.xml:83:13-81
intent-filter#android.intent.category.DEFAULT+com.powerpoint45.lucidbrowser.ImportBookmarksActivity
ADDED from src/main/AndroidManifest.xml:85:13-88:29
action#com.powerpoint45.lucidbrowser.ImportBookmarksActivity
ADDED from src/main/AndroidManifest.xml:86:17-96
	android:name
		ADDED from src/main/AndroidManifest.xml:86:25-93
activity#com.powerpoint45.lucidbrowser.OpenFileActivity
ADDED from src/main/AndroidManifest.xml:91:9-100:20
	android:label
		ADDED from src/main/AndroidManifest.xml:92:13-53
	android:configChanges
		ADDED from src/main/AndroidManifest.xml:95:13-74
	android:theme
		ADDED from src/main/AndroidManifest.xml:93:13-47
	android:name
		ADDED from src/main/AndroidManifest.xml:94:13-74
intent-filter#android.intent.category.DEFAULT+com.powerpoint45.lucidbrowser.OpenFileActivity
ADDED from src/main/AndroidManifest.xml:96:13-99:29
action#com.powerpoint45.lucidbrowser.OpenFileActivity
ADDED from src/main/AndroidManifest.xml:97:17-89
	android:name
		ADDED from src/main/AndroidManifest.xml:97:25-86
activity#com.google.android.gms.ads.AdActivity
ADDED from src/main/AndroidManifest.xml:103:9-104:125
MERGED from [com.google.android.gms:play-services-ads-lite:9.4.0] AndroidManifest.xml:26:9-29:64
	android:configChanges
		ADDED from src/main/AndroidManifest.xml:104:14-123
	android:theme
		ADDED from [com.google.android.gms:play-services-ads-lite:9.4.0] AndroidManifest.xml:29:13-61
	android:name
		ADDED from src/main/AndroidManifest.xml:103:19-71
activity#com.google.android.gms.ads.purchase.InAppPurchaseActivity
ADDED from [com.google.android.gms:play-services-ads-lite:9.4.0] AndroidManifest.xml:30:9-31:52
	android:theme
		ADDED from [com.google.android.gms:play-services-ads-lite:9.4.0] AndroidManifest.xml:31:13-50
	android:name
		ADDED from [com.google.android.gms:play-services-ads-lite:9.4.0] AndroidManifest.xml:30:19-91
activity#com.google.android.gms.common.api.GoogleApiActivity
ADDED from [com.google.android.gms:play-services-base:9.4.0] AndroidManifest.xml:20:9-22:45
	android:exported
		ADDED from [com.google.android.gms:play-services-base:9.4.0] AndroidManifest.xml:22:19-43
	android:theme
		ADDED from [com.google.android.gms:play-services-base:9.4.0] AndroidManifest.xml:21:19-78
	android:name
		ADDED from [com.google.android.gms:play-services-base:9.4.0] AndroidManifest.xml:20:19-85